# JRE version: OpenJDK Runtime Environment (11.0.10) (build 11.0.10+0-b96-7249189)
# Java VM: OpenJDK 64-Bit Server VM (11.0.10+0-b96-7249189, mixed mode, tiered, compressed oops, g1 gc, windows-amd64)
Heap:
 garbage-first heap   total 378880K, used 85862K [0x0000000701200000, 0x0000000800000000)
  region size 1024K, 13 young (13312K), 13 survivors (13312K)
 Metaspace       used 69775K, capacity 71021K, committed 71120K, reserved 1112064K
  class space    used 7576K, capacity 8009K, committed 8064K, reserved 1048576K
GC Heap History (19 events):
Event: 0.433 GC heap before
{Heap before GC invocations=0 (full 0):
 garbage-first heap   total 262144K, used 27648K [0x0000000701200000, 0x0000000800000000)
  region size 1024K, 24 young (24576K), 0 survivors (0K)
 Metaspace       used 12246K, capacity 12344K, committed 12544K, reserved 1060864K
  class space    used 1151K, capacity 1175K, committed 1280K, reserved 1048576K
}
Event: 0.435 GC heap after
{Heap after GC invocations=1 (full 0):
 garbage-first heap   total 262144K, used 6014K [0x0000000701200000, 0x0000000800000000)
  region size 1024K, 3 young (3072K), 3 survivors (3072K)
 Metaspace       used 12246K, capacity 12344K, committed 12544K, reserved 1060864K
  class space    used 1151K, capacity 1175K, committed 1280K, reserved 1048576K
}
Event: 0.908 GC heap before
{Heap before GC invocations=1 (full 0):
 garbage-first heap   total 262144K, used 41854K [0x0000000701200000, 0x0000000800000000)
  region size 1024K, 39 young (39936K), 3 survivors (3072K)
 Metaspace       used 20927K, capacity 21099K, committed 21296K, reserved 1069056K
  class space    used 2230K, capacity 2315K, committed 2432K, reserved 1048576K
}
Event: 0.917 GC heap after
{Heap after GC invocations=2 (full 0):
 garbage-first heap   total 262144K, used 9368K [0x0000000701200000, 0x0000000800000000)
  region size 1024K, 7 young (7168K), 7 survivors (7168K)
 Metaspace       used 20927K, capacity 21099K, committed 21296K, reserved 1069056K
  class space    used 2230K, capacity 2315K, committed 2432K, reserved 1048576K
}
Event: 1.653 GC heap before
{Heap before GC invocations=3 (full 0):
 garbage-first heap   total 262144K, used 65688K [0x0000000701200000, 0x0000000800000000)
  region size 1024K, 57 young (58368K), 7 survivors (7168K)
 Metaspace       used 32274K, capacity 32717K, committed 32816K, reserved 1077248K
  class space    used 4029K, capacity 4223K, committed 4224K, reserved 1048576K
}
Event: 1.661 GC heap after
{Heap after GC invocations=4 (full 0):
 garbage-first heap   total 262144K, used 21195K [0x0000000701200000, 0x0000000800000000)
  region size 1024K, 8 young (8192K), 8 survivors (8192K)
 Metaspace       used 32274K, capacity 32717K, committed 32816K, reserved 1077248K
  class space    used 4029K, capacity 4223K, committed 4224K, reserved 1048576K
}
Event: 1.817 GC heap before
{Heap before GC invocations=4 (full 0):
 garbage-first heap   total 262144K, used 35531K [0x0000000701200000, 0x0000000800000000)
  region size 1024K, 23 young (23552K), 8 survivors (8192K)
 Metaspace       used 35264K, capacity 35737K, committed 35920K, reserved 1081344K
  class space    used 4345K, capacity 4547K, committed 4608K, reserved 1048576K
}
Event: 1.824 GC heap after
{Heap after GC invocations=5 (full 0):
 garbage-first heap   total 262144K, used 20859K [0x0000000701200000, 0x0000000800000000)
  region size 1024K, 10 young (10240K), 10 survivors (10240K)
 Metaspace       used 35264K, capacity 35737K, committed 35920K, reserved 1081344K
  class space    used 4345K, capacity 4547K, committed 4608K, reserved 1048576K
}
Event: 1.915 GC heap before
{Heap before GC invocations=6 (full 0):
 garbage-first heap   total 262144K, used 31099K [0x0000000701200000, 0x0000000800000000)
  region size 1024K, 20 young (20480K), 10 survivors (10240K)
 Metaspace       used 37083K, capacity 37655K, committed 37968K, reserved 1083392K
  class space    used 4549K, capacity 4778K, committed 4864K, reserved 1048576K
}
Event: 1.920 GC heap after
{Heap after GC invocations=7 (full 0):
 garbage-first heap   total 262144K, used 21868K [0x0000000701200000, 0x0000000800000000)
  region size 1024K, 3 young (3072K), 3 survivors (3072K)
 Metaspace       used 37083K, capacity 37655K, committed 37968K, reserved 1083392K
  class space    used 4549K, capacity 4778K, committed 4864K, reserved 1048576K
}
Event: 2.896 GC heap before
{Heap before GC invocations=7 (full 0):
 garbage-first heap   total 262144K, used 133484K [0x0000000701200000, 0x0000000800000000)
  region size 1024K, 109 young (111616K), 3 survivors (3072K)
 Metaspace       used 51098K, capacity 51693K, committed 51792K, reserved 1095680K
  class space    used 5901K, capacity 6135K, committed 6144K, reserved 1048576K
}
Event: 2.904 GC heap after
{Heap after GC invocations=8 (full 0):
 garbage-first heap   total 315392K, used 35739K [0x0000000701200000, 0x0000000800000000)
  region size 1024K, 14 young (14336K), 14 survivors (14336K)
 Metaspace       used 51098K, capacity 51693K, committed 51792K, reserved 1095680K
  class space    used 5901K, capacity 6135K, committed 6144K, reserved 1048576K
}
Event: 4.199 GC heap before
{Heap before GC invocations=8 (full 0):
 garbage-first heap   total 315392K, used 164763K [0x0000000701200000, 0x0000000800000000)
  region size 1024K, 140 young (143360K), 14 survivors (14336K)
 Metaspace       used 58295K, capacity 59041K, committed 59344K, reserved 1101824K
  class space    used 6631K, capacity 6947K, committed 7040K, reserved 1048576K
}
Event: 4.216 GC heap after
{Heap after GC invocations=9 (full 0):
 garbage-first heap   total 315392K, used 53040K [0x0000000701200000, 0x0000000800000000)
  region size 1024K, 17 young (17408K), 17 survivors (17408K)
 Metaspace       used 58295K, capacity 59041K, committed 59344K, reserved 1101824K
  class space    used 6631K, capacity 6947K, committed 7040K, reserved 1048576K
}
Event: 4.397 GC heap before
{Heap before GC invocations=9 (full 0):
 garbage-first heap   total 315392K, used 80688K [0x0000000701200000, 0x0000000800000000)
  region size 1024K, 45 young (46080K), 17 survivors (17408K)
 Metaspace       used 59432K, capacity 60158K, committed 60240K, reserved 1101824K
  class space    used 6765K, capacity 7086K, committed 7168K, reserved 1048576K
}
Event: 4.407 GC heap after
{Heap after GC invocations=10 (full 0):
 garbage-first heap   total 315392K, used 56175K [0x0000000701200000, 0x0000000800000000)
  region size 1024K, 3 young (3072K), 3 survivors (3072K)
 Metaspace       used 59432K, capacity 60158K, committed 60240K, reserved 1101824K
  class space    used 6765K, capacity 7086K, committed 7168K, reserved 1048576K
}
Event: 6.663 GC heap before
{Heap before GC invocations=11 (full 0):
 garbage-first heap   total 315392K, used 179055K [0x0000000701200000, 0x0000000800000000)
  region size 1024K, 121 young (123904K), 3 survivors (3072K)
 Metaspace       used 67996K, capacity 69216K, committed 69456K, reserved 1112064K
  class space    used 7482K, capacity 7931K, committed 7936K, reserved 1048576K
}
Event: 6.675 GC heap after
{Heap after GC invocations=12 (full 0):
 garbage-first heap   total 315392K, used 72545K [0x0000000701200000, 0x0000000800000000)
  region size 1024K, 16 young (16384K), 16 survivors (16384K)
 Metaspace       used 67996K, capacity 69216K, committed 69456K, reserved 1112064K
  class space    used 7482K, capacity 7931K, committed 7936K, reserved 1048576K
}
Event: 8.042 GC heap before
{Heap before GC invocations=12 (full 0):
 garbage-first heap   total 315392K, used 196449K [0x0000000701200000, 0x0000000800000000)
  region size 1024K, 136 young (139264K), 16 survivors (16384K)
 Metaspace       used 69775K, capacity 71021K, committed 71120K, reserved 1112064K
  class space    used 7576K, capacity 8009K, committed 8064K, reserved 1048576K
}

