# JRE version: OpenJDK Runtime Environment (11.0.10) (build 11.0.10+0-b96-7249189)
# Java VM: OpenJDK 64-Bit Server VM (11.0.10+0-b96-7249189, mixed mode, tiered, compressed oops, g1 gc, windows-amd64)
Heap:
 garbage-first heap   total 262144K, used 180232K [0x0000000080000000, 0x0000000100000000)
  region size 1024K, 101 young (103424K), 8 survivors (8192K)
 Metaspace       used 95142K, capacity 97701K, committed 97868K, reserved 1134592K
  class space    used 12306K, capacity 13313K, committed 13388K, reserved 1048576K
GC Heap History (20 events):
Event: 1.913 GC heap before
{Heap before GC invocations=3 (full 0):
 garbage-first heap   total 262144K, used 62730K [0x0000000080000000, 0x0000000100000000)
  region size 1024K, 55 young (56320K), 10 survivors (10240K)
 Metaspace       used 25229K, capacity 25851K, committed 26112K, reserved 1071104K
  class space    used 3280K, capacity 3489K, committed 3584K, reserved 1048576K
}
Event: 1.917 GC heap after
{Heap after GC invocations=4 (full 0):
 garbage-first heap   total 262144K, used 18635K [0x0000000080000000, 0x0000000100000000)
  region size 1024K, 3 young (3072K), 3 survivors (3072K)
 Metaspace       used 25229K, capacity 25851K, committed 26112K, reserved 1071104K
  class space    used 3280K, capacity 3489K, committed 3584K, reserved 1048576K
}
Event: 2.500 GC heap before
{Heap before GC invocations=4 (full 0):
 garbage-first heap   total 262144K, used 84171K [0x0000000080000000, 0x0000000100000000)
  region size 1024K, 68 young (69632K), 3 survivors (3072K)
 Metaspace       used 35041K, capacity 35838K, committed 35840K, reserved 1081344K
  class space    used 4540K, capacity 4864K, committed 4864K, reserved 1048576K
}
Event: 2.506 GC heap after
{Heap after GC invocations=5 (full 0):
 garbage-first heap   total 262144K, used 22140K [0x0000000080000000, 0x0000000100000000)
  region size 1024K, 6 young (6144K), 6 survivors (6144K)
 Metaspace       used 35041K, capacity 35838K, committed 35840K, reserved 1081344K
  class space    used 4540K, capacity 4864K, committed 4864K, reserved 1048576K
}
Event: 3.412 GC heap before
{Heap before GC invocations=6 (full 0):
 garbage-first heap   total 262144K, used 139900K [0x0000000080000000, 0x0000000100000000)
  region size 1024K, 118 young (120832K), 6 survivors (6144K)
 Metaspace       used 43975K, capacity 45013K, committed 45260K, reserved 1089536K
  class space    used 5637K, capacity 6035K, committed 6092K, reserved 1048576K
}
Event: 3.417 GC heap after
{Heap after GC invocations=7 (full 0):
 garbage-first heap   total 262144K, used 29258K [0x0000000080000000, 0x0000000100000000)
  region size 1024K, 13 young (13312K), 13 survivors (13312K)
 Metaspace       used 43975K, capacity 45013K, committed 45260K, reserved 1089536K
  class space    used 5637K, capacity 6035K, committed 6092K, reserved 1048576K
}
Event: 4.759 GC heap before
{Heap before GC invocations=7 (full 0):
 garbage-first heap   total 262144K, used 170570K [0x0000000080000000, 0x0000000100000000)
  region size 1024K, 144 young (147456K), 13 survivors (13312K)
 Metaspace       used 55902K, capacity 57270K, committed 57548K, reserved 1099776K
  class space    used 7051K, capacity 7585K, committed 7628K, reserved 1048576K
}
Event: 4.771 GC heap after
{Heap after GC invocations=8 (full 0):
 garbage-first heap   total 262144K, used 49203K [0x0000000080000000, 0x0000000100000000)
  region size 1024K, 18 young (18432K), 18 survivors (18432K)
 Metaspace       used 55902K, capacity 57270K, committed 57548K, reserved 1099776K
  class space    used 7051K, capacity 7585K, committed 7628K, reserved 1048576K
}
Event: 4.970 GC heap before
{Heap before GC invocations=8 (full 0):
 garbage-first heap   total 262144K, used 65587K [0x0000000080000000, 0x0000000100000000)
  region size 1024K, 35 young (35840K), 18 survivors (18432K)
 Metaspace       used 58739K, capacity 60157K, committed 60236K, reserved 1101824K
  class space    used 7414K, capacity 7968K, committed 8012K, reserved 1048576K
}
Event: 4.984 GC heap after
{Heap after GC invocations=9 (full 0):
 garbage-first heap   total 262144K, used 52542K [0x0000000080000000, 0x0000000100000000)
  region size 1024K, 3 young (3072K), 3 survivors (3072K)
 Metaspace       used 58739K, capacity 60157K, committed 60236K, reserved 1101824K
  class space    used 7414K, capacity 7968K, committed 8012K, reserved 1048576K
}
Event: 5.664 GC heap before
{Heap before GC invocations=10 (full 0):
 garbage-first heap   total 262144K, used 140606K [0x0000000080000000, 0x0000000100000000)
  region size 1024K, 89 young (91136K), 3 survivors (3072K)
 Metaspace       used 66676K, capacity 68211K, committed 68428K, reserved 1107968K
  class space    used 8403K, capacity 8970K, committed 9036K, reserved 1048576K
}
Event: 5.668 GC heap after
{Heap after GC invocations=11 (full 0):
 garbage-first heap   total 262144K, used 57180K [0x0000000080000000, 0x0000000100000000)
  region size 1024K, 8 young (8192K), 8 survivors (8192K)
 Metaspace       used 66676K, capacity 68211K, committed 68428K, reserved 1107968K
  class space    used 8403K, capacity 8970K, committed 9036K, reserved 1048576K
}
Event: 6.394 GC heap before
{Heap before GC invocations=11 (full 0):
 garbage-first heap   total 262144K, used 151388K [0x0000000080000000, 0x0000000100000000)
  region size 1024K, 100 young (102400K), 8 survivors (8192K)
 Metaspace       used 74680K, capacity 76364K, committed 76620K, reserved 1116160K
  class space    used 9605K, capacity 10250K, committed 10316K, reserved 1048576K
}
Event: 6.402 GC heap after
{Heap after GC invocations=12 (full 0):
 garbage-first heap   total 262144K, used 64357K [0x0000000080000000, 0x0000000100000000)
  region size 1024K, 13 young (13312K), 13 survivors (13312K)
 Metaspace       used 74680K, capacity 76364K, committed 76620K, reserved 1116160K
  class space    used 9605K, capacity 10250K, committed 10316K, reserved 1048576K
}
Event: 7.249 GC heap before
{Heap before GC invocations=12 (full 0):
 garbage-first heap   total 262144K, used 162661K [0x0000000080000000, 0x0000000100000000)
  region size 1024K, 109 young (111616K), 13 survivors (13312K)
 Metaspace       used 84253K, capacity 86172K, committed 86476K, reserved 1124352K
  class space    used 10835K, capacity 11594K, committed 11724K, reserved 1048576K
}
Event: 7.258 GC heap after
{Heap after GC invocations=13 (full 0):
 garbage-first heap   total 262144K, used 72505K [0x0000000080000000, 0x0000000100000000)
  region size 1024K, 14 young (14336K), 14 survivors (14336K)
 Metaspace       used 84253K, capacity 86172K, committed 86476K, reserved 1124352K
  class space    used 10835K, capacity 11594K, committed 11724K, reserved 1048576K
}
Event: 7.684 GC heap before
{Heap before GC invocations=13 (full 0):
 garbage-first heap   total 262144K, used 170809K [0x0000000080000000, 0x0000000100000000)
  region size 1024K, 111 young (113664K), 14 survivors (14336K)
 Metaspace       used 86425K, capacity 88885K, committed 89164K, reserved 1126400K
  class space    used 11149K, capacity 12074K, committed 12108K, reserved 1048576K
}
Event: 7.693 GC heap after
{Heap after GC invocations=14 (full 0):
 garbage-first heap   total 262144K, used 81810K [0x0000000080000000, 0x0000000100000000)
  region size 1024K, 9 young (9216K), 9 survivors (9216K)
 Metaspace       used 86425K, capacity 88885K, committed 89164K, reserved 1126400K
  class space    used 11149K, capacity 12074K, committed 12108K, reserved 1048576K
}
Event: 8.070 GC heap before
{Heap before GC invocations=14 (full 0):
 garbage-first heap   total 262144K, used 180114K [0x0000000080000000, 0x0000000100000000)
  region size 1024K, 106 young (108544K), 9 survivors (9216K)
 Metaspace       used 88138K, capacity 90597K, committed 90700K, reserved 1128448K
  class space    used 11365K, capacity 12325K, committed 12364K, reserved 1048576K
}
Event: 8.076 GC heap after
{Heap after GC invocations=15 (full 0):
 garbage-first heap   total 262144K, used 87048K [0x0000000080000000, 0x0000000100000000)
  region size 1024K, 8 young (8192K), 8 survivors (8192K)
 Metaspace       used 88138K, capacity 90597K, committed 90700K, reserved 1128448K
  class space    used 11365K, capacity 12325K, committed 12364K, reserved 1048576K
}

